<?xml version="1.0" encoding="UTF-8"?>
<coverage generated="1351141283">
  <project timestamp="1351141283">
    <file name="/home/kevin/Projects/paris/src/Model.php">
      <class name="Model" namespace="global">
        <metrics methods="0" coveredmethods="0" conditionals="0" coveredconditionals="0" statements="0" coveredstatements="0" elements="0" coveredelements="0"/>
      </class>
      <metrics loc="3" ncloc="3" classes="1" methods="0" coveredmethods="0" conditionals="0" coveredconditionals="0" statements="0" coveredstatements="0" elements="0" coveredelements="0"/>
    </file>
    <file name="/home/kevin/Projects/paris/src/OrmWrapper.php">
      <class name="OrmWrapper" namespace="global" fullPackage="Paris" category="ActiveRecord" package="Paris">
        <metrics methods="7" coveredmethods="7" conditionals="0" coveredconditionals="0" statements="25" coveredstatements="25" elements="32" coveredelements="32"/>
      </class>
      <line num="0" type="stmt" count="6"/>
      <line num="135" type="method" name="setClassName" crap="1" count="12"/>
      <line num="137" type="stmt" count="12"/>
      <line num="138" type="stmt" count="12"/>
      <line num="151" type="method" name="filter" crap="2" count="2"/>
      <line num="153" type="stmt" count="2"/>
      <line num="154" type="stmt" count="2"/>
      <line num="155" type="stmt" count="2"/>
      <line num="157" type="stmt" count="2"/>
      <line num="158" type="stmt" count="1"/>
      <line num="160" type="stmt" count="1"/>
      <line num="162" type="stmt" count="1"/>
      <line num="164" type="stmt" count="1"/>
      <line num="167" type="stmt" count="1"/>
      <line num="178" type="method" name="forTable" crap="1" count="12"/>
      <line num="180" type="stmt" count="12"/>
      <line num="182" type="stmt" count="12"/>
      <line num="194" type="method" name="createModelInstance" crap="2" count="11"/>
      <line num="197" type="stmt" count="11"/>
      <line num="198" type="stmt" count="1"/>
      <line num="200" type="stmt" count="10"/>
      <line num="201" type="stmt" count="10"/>
      <line num="203" type="stmt" count="10"/>
      <line num="215" type="method" name="findOne" crap="1" count="5"/>
      <line num="217" type="stmt" count="5"/>
      <line num="227" type="method" name="findMany" crap="1" count="6"/>
      <line num="229" type="stmt" count="6"/>
      <line num="231" type="stmt" count="6"/>
      <line num="233" type="stmt" count="6"/>
      <line num="234" type="stmt" count="6"/>
      <line num="235" type="stmt" count="6"/>
      <line num="247" type="method" name="create" crap="1" count="3"/>
      <line num="249" type="stmt" count="3"/>
      <metrics loc="251" ncloc="70" classes="1" methods="7" coveredmethods="7" conditionals="0" coveredconditionals="0" statements="25" coveredstatements="25" elements="32" coveredelements="32"/>
    </file>
    <file name="/home/kevin/Projects/paris/src/Paris.php">
      <class name="Paris" namespace="global" fullPackage="Paris" category="ActiveRecord" package="Paris">
        <metrics methods="23" coveredmethods="23" conditionals="0" coveredconditionals="0" statements="61" coveredstatements="61" elements="84" coveredelements="84"/>
      </class>
      <line num="0" type="stmt" count="4"/>
      <line num="129" type="method" name="getStaticProperty" crap="3" count="12"/>
      <line num="131" type="stmt" count="12"/>
      <line num="132" type="stmt" count="11"/>
      <line num="134" type="stmt" count="2"/>
      <line num="136" type="stmt" count="2"/>
      <line num="150" type="method" name="getTableName" crap="2" count="12"/>
      <line num="152" type="stmt" count="12"/>
      <line num="153" type="stmt" count="12"/>
      <line num="154" type="stmt" count="10"/>
      <line num="157" type="stmt" count="2"/>
      <line num="169" type="method" name="classNameToTableName" crap="1" count="10"/>
      <line num="171" type="stmt" count="10"/>
      <line num="182" type="method" name="getIdColumnName" crap="1" count="12"/>
      <line num="184" type="stmt" count="12"/>
      <line num="199" type="method" name="buildForeignKeyName" crap="2" count="2"/>
      <line num="201" type="stmt" count="2"/>
      <line num="202" type="stmt" count="2"/>
      <line num="205" type="stmt" count="2"/>
      <line num="221" type="method" name="factory" crap="1" count="12"/>
      <line num="223" type="stmt" count="12"/>
      <line num="224" type="stmt" count="12"/>
      <line num="225" type="stmt" count="12"/>
      <line num="226" type="stmt" count="12"/>
      <line num="228" type="stmt" count="12"/>
      <line num="242" type="method" name="hasOneOrMany" crap="1" count="1"/>
      <line num="244" type="stmt" count="1"/>
      <line num="245" type="stmt" count="1"/>
      <line num="247" type="stmt" count="1"/>
      <line num="259" type="method" name="hasOne" crap="1" count="1"/>
      <line num="261" type="stmt" count="1"/>
      <line num="276" type="method" name="hasMany" crap="1" count="1"/>
      <line num="278" type="stmt" count="1"/>
      <line num="290" type="method" name="belongsTo" crap="1" count="1"/>
      <line num="292" type="stmt" count="1"/>
      <line num="293" type="stmt" count="1"/>
      <line num="294" type="stmt" count="1"/>
      <line num="296" type="stmt" count="1"/>
      <line num="310" type="method" name="hasManyThrough" crap="2" count="1"/>
      <line num="312" type="stmt" count="1"/>
      <line num="317" type="stmt" count="1"/>
      <line num="318" type="stmt" count="1"/>
      <line num="319" type="stmt" count="1"/>
      <line num="320" type="stmt" count="1"/>
      <line num="321" type="stmt" count="1"/>
      <line num="324" type="stmt" count="1"/>
      <line num="325" type="stmt" count="1"/>
      <line num="326" type="stmt" count="1"/>
      <line num="329" type="stmt" count="1"/>
      <line num="330" type="stmt" count="1"/>
      <line num="333" type="stmt" count="1"/>
      <line num="334" type="stmt" count="1"/>
      <line num="336" type="stmt" count="1"/>
      <line num="337" type="stmt" count="1"/>
      <line num="338" type="stmt" count="1"/>
      <line num="339" type="stmt" count="1"/>
      <line num="349" type="method" name="setOrm" crap="1" count="10"/>
      <line num="351" type="stmt" count="10"/>
      <line num="352" type="stmt" count="10"/>
      <line num="361" type="method" name="__get" crap="1" count="1"/>
      <line num="363" type="stmt" count="1"/>
      <line num="374" type="method" name="__set" crap="1" count="2"/>
      <line num="376" type="stmt" count="2"/>
      <line num="377" type="stmt" count="2"/>
      <line num="386" type="method" name="__isset" crap="1" count="1"/>
      <line num="388" type="stmt" count="1"/>
      <line num="398" type="method" name="get" crap="1" count="1"/>
      <line num="400" type="stmt" count="1"/>
      <line num="411" type="method" name="set" crap="1" count="2"/>
      <line num="413" type="stmt" count="2"/>
      <line num="414" type="stmt" count="2"/>
      <line num="423" type="method" name="isDirty" crap="1" count="2"/>
      <line num="425" type="stmt" count="2"/>
      <line num="433" type="method" name="asArray" crap="1" count="1"/>
      <line num="435" type="stmt" count="1"/>
      <line num="437" type="stmt" count="1"/>
      <line num="445" type="method" name="save" crap="1" count="3"/>
      <line num="447" type="stmt" count="3"/>
      <line num="455" type="method" name="delete" crap="1" count="1"/>
      <line num="457" type="stmt" count="1"/>
      <line num="465" type="method" name="id" crap="1" count="2"/>
      <line num="467" type="stmt" count="2"/>
      <line num="480" type="method" name="hydrate" crap="1" count="1"/>
      <line num="482" type="stmt" count="1"/>
      <line num="483" type="stmt" count="1"/>
      <metrics loc="484" ncloc="165" classes="1" methods="23" coveredmethods="23" conditionals="0" coveredconditionals="0" statements="61" coveredstatements="61" elements="84" coveredelements="84"/>
    </file>
    <metrics files="3" loc="738" ncloc="238" classes="3" methods="30" coveredmethods="30" conditionals="0" coveredconditionals="0" statements="86" coveredstatements="86" elements="116" coveredelements="116"/>
  </project>
</coverage>
